Performing C SOURCE FILE Test CMAKE_HAVE_LIBC_PTHREAD failed with the following output:
Change Dir: /home/ilyushka/AndroidStudioProjects/libs/mbedtls/build/x86/CMakeFiles/CMakeTmp

Run Build Command(s):/usr/bin/gmake -f Makefile cmTC_e8e57/fast && /usr/bin/gmake  -f CMakeFiles/cmTC_e8e57.dir/build.make CMakeFiles/cmTC_e8e57.dir/build
gmake[1]: вход в каталог «/home/ilyushka/AndroidStudioProjects/libs/mbedtls/build/x86/CMakeFiles/CMakeTmp»
Building C object CMakeFiles/cmTC_e8e57.dir/src.c.o
/home/ilyushka/Android/Sdk/ndk/26.2.11394342/toolchains/llvm/prebuilt/linux-x86_64/bin/clang --target=i686-none-linux-android21 --sysroot=/home/ilyushka/Android/Sdk/ndk/26.2.11394342/toolchains/llvm/prebuilt/linux-x86_64/sysroot -DCMAKE_HAVE_LIBC_PTHREAD  -g -DANDROID -fdata-sections -ffunction-sections -funwind-tables -fstack-protector-strong -no-canonical-prefixes -mstackrealign -D_FORTIFY_SOURCE=2 -Wformat -Werror=format-security   -fPIE -MD -MT CMakeFiles/cmTC_e8e57.dir/src.c.o -MF CMakeFiles/cmTC_e8e57.dir/src.c.o.d -o CMakeFiles/cmTC_e8e57.dir/src.c.o -c /home/ilyushka/AndroidStudioProjects/libs/mbedtls/build/x86/CMakeFiles/CMakeTmp/src.c
/home/ilyushka/AndroidStudioProjects/libs/mbedtls/build/x86/CMakeFiles/CMakeTmp/src.c:13:3: error: call to undeclared function 'pthread_cancel'; ISO C99 and later do not support implicit function declarations [-Wimplicit-function-declaration]
  pthread_cancel(thread);
  ^
/home/ilyushka/AndroidStudioProjects/libs/mbedtls/build/x86/CMakeFiles/CMakeTmp/src.c:13:3: note: did you mean 'pthread_once'?
/home/ilyushka/Android/Sdk/ndk/26.2.11394342/toolchains/llvm/prebuilt/linux-x86_64/sysroot/usr/include/pthread.h:258:5: note: 'pthread_once' declared here
int pthread_once(pthread_once_t* _Nonnull __once, void (* _Nonnull __init_routine)(void));
    ^
1 error generated.
gmake[1]: *** [CMakeFiles/cmTC_e8e57.dir/build.make:79: CMakeFiles/cmTC_e8e57.dir/src.c.o] Ошибка 1
gmake[1]: выход из каталога «/home/ilyushka/AndroidStudioProjects/libs/mbedtls/build/x86/CMakeFiles/CMakeTmp»
gmake: *** [Makefile:127: cmTC_e8e57/fast] Ошибка 2


Source file was:
#include <pthread.h>

static void* test_func(void* data)
{
  return data;
}

int main(void)
{
  pthread_t thread;
  pthread_create(&thread, NULL, test_func, NULL);
  pthread_detach(thread);
  pthread_cancel(thread);
  pthread_join(thread, NULL);
  pthread_atfork(NULL, NULL, NULL);
  pthread_exit(NULL);

  return 0;
}

