The target system is: Android - 1 - i686
The host system is: Linux - 6.5.0-17-generic - x86_64
Compiling the C compiler identification source file "CMakeCCompilerId.c" succeeded.
Compiler: /home/ilyushka/Android/Sdk/ndk/26.2.11394342/toolchains/llvm/prebuilt/linux-x86_64/bin/clang 
Build flags: -g;-DANDROID;-fdata-sections;-ffunction-sections;-funwind-tables;-fstack-protector-strong;-no-canonical-prefixes;-mstackrealign;-D_FORTIFY_SOURCE=2;-Wformat;-Werror=format-security;
Id flags: -c;--target=i686-none-linux-android21 

The output was:
0


Compilation of the C compiler identification source "CMakeCCompilerId.c" produced "CMakeCCompilerId.o"

The C compiler identification is Clang, found in "/home/ilyushka/AndroidStudioProjects/libs/mbedtls/build/x86/CMakeFiles/3.22.1-g37088a8/CompilerIdC/CMakeCCompilerId.o"

Detecting C compiler ABI info compiled with the following output:
Change Dir: /home/ilyushka/AndroidStudioProjects/libs/mbedtls/build/x86/CMakeFiles/CMakeTmp

Run Build Command(s):/usr/bin/gmake -f Makefile cmTC_e9911/fast && /usr/bin/gmake  -f CMakeFiles/cmTC_e9911.dir/build.make CMakeFiles/cmTC_e9911.dir/build
gmake[1]: Entering directory '/home/ilyushka/AndroidStudioProjects/libs/mbedtls/build/x86/CMakeFiles/CMakeTmp'
Building C object CMakeFiles/cmTC_e9911.dir/CMakeCCompilerABI.c.o
/home/ilyushka/Android/Sdk/ndk/26.2.11394342/toolchains/llvm/prebuilt/linux-x86_64/bin/clang --target=i686-none-linux-android21 --sysroot=/home/ilyushka/Android/Sdk/ndk/26.2.11394342/toolchains/llvm/prebuilt/linux-x86_64/sysroot   -g -DANDROID -fdata-sections -ffunction-sections -funwind-tables -fstack-protector-strong -no-canonical-prefixes -mstackrealign -D_FORTIFY_SOURCE=2 -Wformat   -fPIE   -v -MD -MT CMakeFiles/cmTC_e9911.dir/CMakeCCompilerABI.c.o -MF CMakeFiles/cmTC_e9911.dir/CMakeCCompilerABI.c.o.d -o CMakeFiles/cmTC_e9911.dir/CMakeCCompilerABI.c.o -c /home/ilyushka/Android/Sdk/cmake/3.22.1/share/cmake-3.22/Modules/CMakeCCompilerABI.c
Android (11349228, +pgo, +bolt, +lto, -mlgo, based on r487747e) clang version 17.0.2 (https://android.googlesource.com/toolchain/llvm-project d9f89f4d16663d5012e5c09495f3b30ece3d2362)
Target: i686-none-linux-android21
Thread model: posix
InstalledDir: /home/ilyushka/Android/Sdk/ndk/26.2.11394342/toolchains/llvm/prebuilt/linux-x86_64/bin
 (in-process)
 "/home/ilyushka/Android/Sdk/ndk/26.2.11394342/toolchains/llvm/prebuilt/linux-x86_64/bin/clang" -cc1 -triple i686-none-linux-android21 -emit-obj -mrelax-all -disable-free -clear-ast-before-backend -disable-llvm-verifier -discard-value-names -main-file-name CMakeCCompilerABI.c -mrelocation-model pic -pic-level 2 -pic-is-pie -mframe-pointer=all -ffp-contract=on -fno-rounding-math -mconstructor-aliases -funwind-tables=2 -target-cpu i686 -target-feature +ssse3 -tune-cpu generic -mllvm -treat-scalable-fixed-error-as-warning -debug-info-kind=constructor -dwarf-version=4 -debugger-tuning=gdb -v -ffunction-sections -fdata-sections -fcoverage-compilation-dir=/home/ilyushka/AndroidStudioProjects/libs/mbedtls/build/x86/CMakeFiles/CMakeTmp -resource-dir /home/ilyushka/Android/Sdk/ndk/26.2.11394342/toolchains/llvm/prebuilt/linux-x86_64/lib/clang/17 -dependency-file CMakeFiles/cmTC_e9911.dir/CMakeCCompilerABI.c.o.d -MT CMakeFiles/cmTC_e9911.dir/CMakeCCompilerABI.c.o -sys-header-deps -D ANDROID -D _FORTIFY_SOURCE=2 -isysroot /home/ilyushka/Android/Sdk/ndk/26.2.11394342/toolchains/llvm/prebuilt/linux-x86_64/sysroot -internal-isystem /home/ilyushka/Android/Sdk/ndk/26.2.11394342/toolchains/llvm/prebuilt/linux-x86_64/lib/clang/17/include -internal-isystem /home/ilyushka/Android/Sdk/ndk/26.2.11394342/toolchains/llvm/prebuilt/linux-x86_64/sysroot/usr/local/include -internal-externc-isystem /home/ilyushka/Android/Sdk/ndk/26.2.11394342/toolchains/llvm/prebuilt/linux-x86_64/sysroot/usr/include/i686-linux-android -internal-externc-isystem /home/ilyushka/Android/Sdk/ndk/26.2.11394342/toolchains/llvm/prebuilt/linux-x86_64/sysroot/include -internal-externc-isystem /home/ilyushka/Android/Sdk/ndk/26.2.11394342/toolchains/llvm/prebuilt/linux-x86_64/sysroot/usr/include -Wformat -fdebug-compilation-dir=/home/ilyushka/AndroidStudioProjects/libs/mbedtls/build/x86/CMakeFiles/CMakeTmp -ferror-limit 19 -stack-protector 2 -mstackrealign -fgnuc-version=4.2.1 -D__GCC_HAVE_DWARF2_CFI_ASM=1 -o CMakeFiles/cmTC_e9911.dir/CMakeCCompilerABI.c.o -x c /home/ilyushka/Android/Sdk/cmake/3.22.1/share/cmake-3.22/Modules/CMakeCCompilerABI.c
clang -cc1 version 17.0.2 based upon LLVM 17.0.2 default target x86_64-unknown-linux-gnu
ignoring nonexistent directory "/home/ilyushka/Android/Sdk/ndk/26.2.11394342/toolchains/llvm/prebuilt/linux-x86_64/sysroot/usr/local/include"
ignoring nonexistent directory "/home/ilyushka/Android/Sdk/ndk/26.2.11394342/toolchains/llvm/prebuilt/linux-x86_64/sysroot/include"
#include "..." search starts here:
#include <...> search starts here:
 /home/ilyushka/Android/Sdk/ndk/26.2.11394342/toolchains/llvm/prebuilt/linux-x86_64/lib/clang/17/include
 /home/ilyushka/Android/Sdk/ndk/26.2.11394342/toolchains/llvm/prebuilt/linux-x86_64/sysroot/usr/include/i686-linux-android
 /home/ilyushka/Android/Sdk/ndk/26.2.11394342/toolchains/llvm/prebuilt/linux-x86_64/sysroot/usr/include
End of search list.
Linking C executable cmTC_e9911
/home/ilyushka/Android/Sdk/cmake/3.22.1/bin/cmake -E cmake_link_script CMakeFiles/cmTC_e9911.dir/link.txt --verbose=1
/home/ilyushka/Android/Sdk/ndk/26.2.11394342/toolchains/llvm/prebuilt/linux-x86_64/bin/clang --target=i686-none-linux-android21 --sysroot=/home/ilyushka/Android/Sdk/ndk/26.2.11394342/toolchains/llvm/prebuilt/linux-x86_64/sysroot -g -DANDROID -fdata-sections -ffunction-sections -funwind-tables -fstack-protector-strong -no-canonical-prefixes -mstackrealign -D_FORTIFY_SOURCE=2 -Wformat   -static-libstdc++ -Wl,--build-id=sha1 -Wl,--no-rosegment -Wl,--no-undefined-version -Wl,--fatal-warnings -Wl,--no-undefined -Qunused-arguments   -v CMakeFiles/cmTC_e9911.dir/CMakeCCompilerABI.c.o -o cmTC_e9911 
Android (11349228, +pgo, +bolt, +lto, -mlgo, based on r487747e) clang version 17.0.2 (https://android.googlesource.com/toolchain/llvm-project d9f89f4d16663d5012e5c09495f3b30ece3d2362)
Target: i686-none-linux-android21
Thread model: posix
InstalledDir: /home/ilyushka/Android/Sdk/ndk/26.2.11394342/toolchains/llvm/prebuilt/linux-x86_64/bin
 "/home/ilyushka/Android/Sdk/ndk/26.2.11394342/toolchains/llvm/prebuilt/linux-x86_64/bin/ld.lld" --sysroot=/home/ilyushka/Android/Sdk/ndk/26.2.11394342/toolchains/llvm/prebuilt/linux-x86_64/sysroot -pie -z now -z relro --hash-style=both --eh-frame-hdr -m elf_i386 -dynamic-linker /system/bin/linker -o cmTC_e9911 /home/ilyushka/Android/Sdk/ndk/26.2.11394342/toolchains/llvm/prebuilt/linux-x86_64/sysroot/usr/lib/i686-linux-android/21/crtbegin_dynamic.o -L/home/ilyushka/Android/Sdk/ndk/26.2.11394342/toolchains/llvm/prebuilt/linux-x86_64/lib/clang/17/lib/linux/i386 -L/home/ilyushka/Android/Sdk/ndk/26.2.11394342/toolchains/llvm/prebuilt/linux-x86_64/sysroot/usr/lib/i686-linux-android/21 -L/home/ilyushka/Android/Sdk/ndk/26.2.11394342/toolchains/llvm/prebuilt/linux-x86_64/sysroot/usr/lib/i686-linux-android -L/home/ilyushka/Android/Sdk/ndk/26.2.11394342/toolchains/llvm/prebuilt/linux-x86_64/sysroot/usr/lib --build-id=sha1 --no-rosegment --no-undefined-version --fatal-warnings --no-undefined CMakeFiles/cmTC_e9911.dir/CMakeCCompilerABI.c.o /home/ilyushka/Android/Sdk/ndk/26.2.11394342/toolchains/llvm/prebuilt/linux-x86_64/lib/clang/17/lib/linux/libclang_rt.builtins-i686-android.a -l:libunwind.a -ldl -lc /home/ilyushka/Android/Sdk/ndk/26.2.11394342/toolchains/llvm/prebuilt/linux-x86_64/lib/clang/17/lib/linux/libclang_rt.builtins-i686-android.a -l:libunwind.a -ldl /home/ilyushka/Android/Sdk/ndk/26.2.11394342/toolchains/llvm/prebuilt/linux-x86_64/sysroot/usr/lib/i686-linux-android/21/crtend_android.o
gmake[1]: Leaving directory '/home/ilyushka/AndroidStudioProjects/libs/mbedtls/build/x86/CMakeFiles/CMakeTmp'



Parsed C implicit include dir info from above output: rv=done
  found start of include info
  found start of implicit include info
    add: [/home/ilyushka/Android/Sdk/ndk/26.2.11394342/toolchains/llvm/prebuilt/linux-x86_64/lib/clang/17/include]
    add: [/home/ilyushka/Android/Sdk/ndk/26.2.11394342/toolchains/llvm/prebuilt/linux-x86_64/sysroot/usr/include/i686-linux-android]
    add: [/home/ilyushka/Android/Sdk/ndk/26.2.11394342/toolchains/llvm/prebuilt/linux-x86_64/sysroot/usr/include]
  end of search list found
  collapse include dir [/home/ilyushka/Android/Sdk/ndk/26.2.11394342/toolchains/llvm/prebuilt/linux-x86_64/lib/clang/17/include] ==> [/home/ilyushka/Android/Sdk/ndk/26.2.11394342/toolchains/llvm/prebuilt/linux-x86_64/lib/clang/17/include]
  collapse include dir [/home/ilyushka/Android/Sdk/ndk/26.2.11394342/toolchains/llvm/prebuilt/linux-x86_64/sysroot/usr/include/i686-linux-android] ==> [/home/ilyushka/Android/Sdk/ndk/26.2.11394342/toolchains/llvm/prebuilt/linux-x86_64/sysroot/usr/include/i686-linux-android]
  collapse include dir [/home/ilyushka/Android/Sdk/ndk/26.2.11394342/toolchains/llvm/prebuilt/linux-x86_64/sysroot/usr/include] ==> [/home/ilyushka/Android/Sdk/ndk/26.2.11394342/toolchains/llvm/prebuilt/linux-x86_64/sysroot/usr/include]
  implicit include dirs: [/home/ilyushka/Android/Sdk/ndk/26.2.11394342/toolchains/llvm/prebuilt/linux-x86_64/lib/clang/17/include;/home/ilyushka/Android/Sdk/ndk/26.2.11394342/toolchains/llvm/prebuilt/linux-x86_64/sysroot/usr/include/i686-linux-android;/home/ilyushka/Android/Sdk/ndk/26.2.11394342/toolchains/llvm/prebuilt/linux-x86_64/sysroot/usr/include]


Parsed C implicit link information from above output:
  link line regex: [^( *|.*[/\])(ld\.lld|CMAKE_LINK_STARTFILE-NOTFOUND|([^/\]+-)?ld|collect2)[^/\]*( |$)]
  ignore line: [Change Dir: /home/ilyushka/AndroidStudioProjects/libs/mbedtls/build/x86/CMakeFiles/CMakeTmp]
  ignore line: []
  ignore line: [Run Build Command(s):/usr/bin/gmake -f Makefile cmTC_e9911/fast && /usr/bin/gmake  -f CMakeFiles/cmTC_e9911.dir/build.make CMakeFiles/cmTC_e9911.dir/build]
  ignore line: [gmake[1]: Entering directory '/home/ilyushka/AndroidStudioProjects/libs/mbedtls/build/x86/CMakeFiles/CMakeTmp']
  ignore line: [Building C object CMakeFiles/cmTC_e9911.dir/CMakeCCompilerABI.c.o]
  ignore line: [/home/ilyushka/Android/Sdk/ndk/26.2.11394342/toolchains/llvm/prebuilt/linux-x86_64/bin/clang --target=i686-none-linux-android21 --sysroot=/home/ilyushka/Android/Sdk/ndk/26.2.11394342/toolchains/llvm/prebuilt/linux-x86_64/sysroot   -g -DANDROID -fdata-sections -ffunction-sections -funwind-tables -fstack-protector-strong -no-canonical-prefixes -mstackrealign -D_FORTIFY_SOURCE=2 -Wformat   -fPIE   -v -MD -MT CMakeFiles/cmTC_e9911.dir/CMakeCCompilerABI.c.o -MF CMakeFiles/cmTC_e9911.dir/CMakeCCompilerABI.c.o.d -o CMakeFiles/cmTC_e9911.dir/CMakeCCompilerABI.c.o -c /home/ilyushka/Android/Sdk/cmake/3.22.1/share/cmake-3.22/Modules/CMakeCCompilerABI.c]
  ignore line: [Android (11349228  +pgo  +bolt  +lto  -mlgo  based on r487747e) clang version 17.0.2 (https://android.googlesource.com/toolchain/llvm-project d9f89f4d16663d5012e5c09495f3b30ece3d2362)]
  ignore line: [Target: i686-none-linux-android21]
  ignore line: [Thread model: posix]
  ignore line: [InstalledDir: /home/ilyushka/Android/Sdk/ndk/26.2.11394342/toolchains/llvm/prebuilt/linux-x86_64/bin]
  ignore line: [ (in-process)]
  ignore line: [ "/home/ilyushka/Android/Sdk/ndk/26.2.11394342/toolchains/llvm/prebuilt/linux-x86_64/bin/clang" -cc1 -triple i686-none-linux-android21 -emit-obj -mrelax-all -disable-free -clear-ast-before-backend -disable-llvm-verifier -discard-value-names -main-file-name CMakeCCompilerABI.c -mrelocation-model pic -pic-level 2 -pic-is-pie -mframe-pointer=all -ffp-contract=on -fno-rounding-math -mconstructor-aliases -funwind-tables=2 -target-cpu i686 -target-feature +ssse3 -tune-cpu generic -mllvm -treat-scalable-fixed-error-as-warning -debug-info-kind=constructor -dwarf-version=4 -debugger-tuning=gdb -v -ffunction-sections -fdata-sections -fcoverage-compilation-dir=/home/ilyushka/AndroidStudioProjects/libs/mbedtls/build/x86/CMakeFiles/CMakeTmp -resource-dir /home/ilyushka/Android/Sdk/ndk/26.2.11394342/toolchains/llvm/prebuilt/linux-x86_64/lib/clang/17 -dependency-file CMakeFiles/cmTC_e9911.dir/CMakeCCompilerABI.c.o.d -MT CMakeFiles/cmTC_e9911.dir/CMakeCCompilerABI.c.o -sys-header-deps -D ANDROID -D _FORTIFY_SOURCE=2 -isysroot /home/ilyushka/Android/Sdk/ndk/26.2.11394342/toolchains/llvm/prebuilt/linux-x86_64/sysroot -internal-isystem /home/ilyushka/Android/Sdk/ndk/26.2.11394342/toolchains/llvm/prebuilt/linux-x86_64/lib/clang/17/include -internal-isystem /home/ilyushka/Android/Sdk/ndk/26.2.11394342/toolchains/llvm/prebuilt/linux-x86_64/sysroot/usr/local/include -internal-externc-isystem /home/ilyushka/Android/Sdk/ndk/26.2.11394342/toolchains/llvm/prebuilt/linux-x86_64/sysroot/usr/include/i686-linux-android -internal-externc-isystem /home/ilyushka/Android/Sdk/ndk/26.2.11394342/toolchains/llvm/prebuilt/linux-x86_64/sysroot/include -internal-externc-isystem /home/ilyushka/Android/Sdk/ndk/26.2.11394342/toolchains/llvm/prebuilt/linux-x86_64/sysroot/usr/include -Wformat -fdebug-compilation-dir=/home/ilyushka/AndroidStudioProjects/libs/mbedtls/build/x86/CMakeFiles/CMakeTmp -ferror-limit 19 -stack-protector 2 -mstackrealign -fgnuc-version=4.2.1 -D__GCC_HAVE_DWARF2_CFI_ASM=1 -o CMakeFiles/cmTC_e9911.dir/CMakeCCompilerABI.c.o -x c /home/ilyushka/Android/Sdk/cmake/3.22.1/share/cmake-3.22/Modules/CMakeCCompilerABI.c]
  ignore line: [clang -cc1 version 17.0.2 based upon LLVM 17.0.2 default target x86_64-unknown-linux-gnu]
  ignore line: [ignoring nonexistent directory "/home/ilyushka/Android/Sdk/ndk/26.2.11394342/toolchains/llvm/prebuilt/linux-x86_64/sysroot/usr/local/include"]
  ignore line: [ignoring nonexistent directory "/home/ilyushka/Android/Sdk/ndk/26.2.11394342/toolchains/llvm/prebuilt/linux-x86_64/sysroot/include"]
  ignore line: [#include "..." search starts here:]
  ignore line: [#include <...> search starts here:]
  ignore line: [ /home/ilyushka/Android/Sdk/ndk/26.2.11394342/toolchains/llvm/prebuilt/linux-x86_64/lib/clang/17/include]
  ignore line: [ /home/ilyushka/Android/Sdk/ndk/26.2.11394342/toolchains/llvm/prebuilt/linux-x86_64/sysroot/usr/include/i686-linux-android]
  ignore line: [ /home/ilyushka/Android/Sdk/ndk/26.2.11394342/toolchains/llvm/prebuilt/linux-x86_64/sysroot/usr/include]
  ignore line: [End of search list.]
  ignore line: [Linking C executable cmTC_e9911]
  ignore line: [/home/ilyushka/Android/Sdk/cmake/3.22.1/bin/cmake -E cmake_link_script CMakeFiles/cmTC_e9911.dir/link.txt --verbose=1]
  ignore line: [/home/ilyushka/Android/Sdk/ndk/26.2.11394342/toolchains/llvm/prebuilt/linux-x86_64/bin/clang --target=i686-none-linux-android21 --sysroot=/home/ilyushka/Android/Sdk/ndk/26.2.11394342/toolchains/llvm/prebuilt/linux-x86_64/sysroot -g -DANDROID -fdata-sections -ffunction-sections -funwind-tables -fstack-protector-strong -no-canonical-prefixes -mstackrealign -D_FORTIFY_SOURCE=2 -Wformat   -static-libstdc++ -Wl --build-id=sha1 -Wl --no-rosegment -Wl --no-undefined-version -Wl --fatal-warnings -Wl --no-undefined -Qunused-arguments   -v CMakeFiles/cmTC_e9911.dir/CMakeCCompilerABI.c.o -o cmTC_e9911 ]
  ignore line: [Android (11349228  +pgo  +bolt  +lto  -mlgo  based on r487747e) clang version 17.0.2 (https://android.googlesource.com/toolchain/llvm-project d9f89f4d16663d5012e5c09495f3b30ece3d2362)]
  ignore line: [Target: i686-none-linux-android21]
  ignore line: [Thread model: posix]
  ignore line: [InstalledDir: /home/ilyushka/Android/Sdk/ndk/26.2.11394342/toolchains/llvm/prebuilt/linux-x86_64/bin]
  link line: [ "/home/ilyushka/Android/Sdk/ndk/26.2.11394342/toolchains/llvm/prebuilt/linux-x86_64/bin/ld.lld" --sysroot=/home/ilyushka/Android/Sdk/ndk/26.2.11394342/toolchains/llvm/prebuilt/linux-x86_64/sysroot -pie -z now -z relro --hash-style=both --eh-frame-hdr -m elf_i386 -dynamic-linker /system/bin/linker -o cmTC_e9911 /home/ilyushka/Android/Sdk/ndk/26.2.11394342/toolchains/llvm/prebuilt/linux-x86_64/sysroot/usr/lib/i686-linux-android/21/crtbegin_dynamic.o -L/home/ilyushka/Android/Sdk/ndk/26.2.11394342/toolchains/llvm/prebuilt/linux-x86_64/lib/clang/17/lib/linux/i386 -L/home/ilyushka/Android/Sdk/ndk/26.2.11394342/toolchains/llvm/prebuilt/linux-x86_64/sysroot/usr/lib/i686-linux-android/21 -L/home/ilyushka/Android/Sdk/ndk/26.2.11394342/toolchains/llvm/prebuilt/linux-x86_64/sysroot/usr/lib/i686-linux-android -L/home/ilyushka/Android/Sdk/ndk/26.2.11394342/toolchains/llvm/prebuilt/linux-x86_64/sysroot/usr/lib --build-id=sha1 --no-rosegment --no-undefined-version --fatal-warnings --no-undefined CMakeFiles/cmTC_e9911.dir/CMakeCCompilerABI.c.o /home/ilyushka/Android/Sdk/ndk/26.2.11394342/toolchains/llvm/prebuilt/linux-x86_64/lib/clang/17/lib/linux/libclang_rt.builtins-i686-android.a -l:libunwind.a -ldl -lc /home/ilyushka/Android/Sdk/ndk/26.2.11394342/toolchains/llvm/prebuilt/linux-x86_64/lib/clang/17/lib/linux/libclang_rt.builtins-i686-android.a -l:libunwind.a -ldl /home/ilyushka/Android/Sdk/ndk/26.2.11394342/toolchains/llvm/prebuilt/linux-x86_64/sysroot/usr/lib/i686-linux-android/21/crtend_android.o]
    arg [/home/ilyushka/Android/Sdk/ndk/26.2.11394342/toolchains/llvm/prebuilt/linux-x86_64/bin/ld.lld] ==> ignore
    arg [--sysroot=/home/ilyushka/Android/Sdk/ndk/26.2.11394342/toolchains/llvm/prebuilt/linux-x86_64/sysroot] ==> ignore
    arg [-pie] ==> ignore
    arg [-znow] ==> ignore
    arg [-zrelro] ==> ignore
    arg [--hash-style=both] ==> ignore
    arg [--eh-frame-hdr] ==> ignore
    arg [-m] ==> ignore
    arg [elf_i386] ==> ignore
    arg [-dynamic-linker] ==> ignore
    arg [/system/bin/linker] ==> ignore
    arg [-o] ==> ignore
    arg [cmTC_e9911] ==> ignore
    arg [/home/ilyushka/Android/Sdk/ndk/26.2.11394342/toolchains/llvm/prebuilt/linux-x86_64/sysroot/usr/lib/i686-linux-android/21/crtbegin_dynamic.o] ==> obj [/home/ilyushka/Android/Sdk/ndk/26.2.11394342/toolchains/llvm/prebuilt/linux-x86_64/sysroot/usr/lib/i686-linux-android/21/crtbegin_dynamic.o]
    arg [-L/home/ilyushka/Android/Sdk/ndk/26.2.11394342/toolchains/llvm/prebuilt/linux-x86_64/lib/clang/17/lib/linux/i386] ==> dir [/home/ilyushka/Android/Sdk/ndk/26.2.11394342/toolchains/llvm/prebuilt/linux-x86_64/lib/clang/17/lib/linux/i386]
    arg [-L/home/ilyushka/Android/Sdk/ndk/26.2.11394342/toolchains/llvm/prebuilt/linux-x86_64/sysroot/usr/lib/i686-linux-android/21] ==> dir [/home/ilyushka/Android/Sdk/ndk/26.2.11394342/toolchains/llvm/prebuilt/linux-x86_64/sysroot/usr/lib/i686-linux-android/21]
    arg [-L/home/ilyushka/Android/Sdk/ndk/26.2.11394342/toolchains/llvm/prebuilt/linux-x86_64/sysroot/usr/lib/i686-linux-android] ==> dir [/home/ilyushka/Android/Sdk/ndk/26.2.11394342/toolchains/llvm/prebuilt/linux-x86_64/sysroot/usr/lib/i686-linux-android]
    arg [-L/home/ilyushka/Android/Sdk/ndk/26.2.11394342/toolchains/llvm/prebuilt/linux-x86_64/sysroot/usr/lib] ==> dir [/home/ilyushka/Android/Sdk/ndk/26.2.11394342/toolchains/llvm/prebuilt/linux-x86_64/sysroot/usr/lib]
    arg [--build-id=sha1] ==> ignore
    arg [--no-rosegment] ==> ignore
    arg [--no-undefined-version] ==> ignore
    arg [--fatal-warnings] ==> ignore
    arg [--no-undefined] ==> ignore
    arg [CMakeFiles/cmTC_e9911.dir/CMakeCCompilerABI.c.o] ==> ignore
    arg [/home/ilyushka/Android/Sdk/ndk/26.2.11394342/toolchains/llvm/prebuilt/linux-x86_64/lib/clang/17/lib/linux/libclang_rt.builtins-i686-android.a] ==> lib [/home/ilyushka/Android/Sdk/ndk/26.2.11394342/toolchains/llvm/prebuilt/linux-x86_64/lib/clang/17/lib/linux/libclang_rt.builtins-i686-android.a]
    arg [-l:libunwind.a] ==> lib [-l:libunwind.a]
    arg [-ldl] ==> lib [dl]
    arg [-lc] ==> lib [c]
    arg [/home/ilyushka/Android/Sdk/ndk/26.2.11394342/toolchains/llvm/prebuilt/linux-x86_64/lib/clang/17/lib/linux/libclang_rt.builtins-i686-android.a] ==> lib [/home/ilyushka/Android/Sdk/ndk/26.2.11394342/toolchains/llvm/prebuilt/linux-x86_64/lib/clang/17/lib/linux/libclang_rt.builtins-i686-android.a]
    arg [-l:libunwind.a] ==> lib [-l:libunwind.a]
    arg [-ldl] ==> lib [dl]
    arg [/home/ilyushka/Android/Sdk/ndk/26.2.11394342/toolchains/llvm/prebuilt/linux-x86_64/sysroot/usr/lib/i686-linux-android/21/crtend_android.o] ==> obj [/home/ilyushka/Android/Sdk/ndk/26.2.11394342/toolchains/llvm/prebuilt/linux-x86_64/sysroot/usr/lib/i686-linux-android/21/crtend_android.o]
  remove lib [/home/ilyushka/Android/Sdk/ndk/26.2.11394342/toolchains/llvm/prebuilt/linux-x86_64/lib/clang/17/lib/linux/libclang_rt.builtins-i686-android.a]
  remove lib [/home/ilyushka/Android/Sdk/ndk/26.2.11394342/toolchains/llvm/prebuilt/linux-x86_64/lib/clang/17/lib/linux/libclang_rt.builtins-i686-android.a]
  collapse library dir [/home/ilyushka/Android/Sdk/ndk/26.2.11394342/toolchains/llvm/prebuilt/linux-x86_64/lib/clang/17/lib/linux/i386] ==> [/home/ilyushka/Android/Sdk/ndk/26.2.11394342/toolchains/llvm/prebuilt/linux-x86_64/lib/clang/17/lib/linux/i386]
  collapse library dir [/home/ilyushka/Android/Sdk/ndk/26.2.11394342/toolchains/llvm/prebuilt/linux-x86_64/sysroot/usr/lib/i686-linux-android/21] ==> [/home/ilyushka/Android/Sdk/ndk/26.2.11394342/toolchains/llvm/prebuilt/linux-x86_64/sysroot/usr/lib/i686-linux-android/21]
  collapse library dir [/home/ilyushka/Android/Sdk/ndk/26.2.11394342/toolchains/llvm/prebuilt/linux-x86_64/sysroot/usr/lib/i686-linux-android] ==> [/home/ilyushka/Android/Sdk/ndk/26.2.11394342/toolchains/llvm/prebuilt/linux-x86_64/sysroot/usr/lib/i686-linux-android]
  collapse library dir [/home/ilyushka/Android/Sdk/ndk/26.2.11394342/toolchains/llvm/prebuilt/linux-x86_64/sysroot/usr/lib] ==> [/home/ilyushka/Android/Sdk/ndk/26.2.11394342/toolchains/llvm/prebuilt/linux-x86_64/sysroot/usr/lib]
  implicit libs: [-l:libunwind.a;dl;c;-l:libunwind.a;dl]
  implicit objs: [/home/ilyushka/Android/Sdk/ndk/26.2.11394342/toolchains/llvm/prebuilt/linux-x86_64/sysroot/usr/lib/i686-linux-android/21/crtbegin_dynamic.o;/home/ilyushka/Android/Sdk/ndk/26.2.11394342/toolchains/llvm/prebuilt/linux-x86_64/sysroot/usr/lib/i686-linux-android/21/crtend_android.o]
  implicit dirs: [/home/ilyushka/Android/Sdk/ndk/26.2.11394342/toolchains/llvm/prebuilt/linux-x86_64/lib/clang/17/lib/linux/i386;/home/ilyushka/Android/Sdk/ndk/26.2.11394342/toolchains/llvm/prebuilt/linux-x86_64/sysroot/usr/lib/i686-linux-android/21;/home/ilyushka/Android/Sdk/ndk/26.2.11394342/toolchains/llvm/prebuilt/linux-x86_64/sysroot/usr/lib/i686-linux-android;/home/ilyushka/Android/Sdk/ndk/26.2.11394342/toolchains/llvm/prebuilt/linux-x86_64/sysroot/usr/lib]
  implicit fwks: []


Determining if the include file pthread.h exists passed with the following output:
Change Dir: /home/ilyushka/AndroidStudioProjects/libs/mbedtls/build/x86/CMakeFiles/CMakeTmp

Run Build Command(s):/usr/bin/gmake -f Makefile cmTC_841d9/fast && /usr/bin/gmake  -f CMakeFiles/cmTC_841d9.dir/build.make CMakeFiles/cmTC_841d9.dir/build
gmake[1]: вход в каталог «/home/ilyushka/AndroidStudioProjects/libs/mbedtls/build/x86/CMakeFiles/CMakeTmp»
Building C object CMakeFiles/cmTC_841d9.dir/CheckIncludeFile.c.o
/home/ilyushka/Android/Sdk/ndk/26.2.11394342/toolchains/llvm/prebuilt/linux-x86_64/bin/clang --target=i686-none-linux-android21 --sysroot=/home/ilyushka/Android/Sdk/ndk/26.2.11394342/toolchains/llvm/prebuilt/linux-x86_64/sysroot   -g -DANDROID -fdata-sections -ffunction-sections -funwind-tables -fstack-protector-strong -no-canonical-prefixes -mstackrealign -D_FORTIFY_SOURCE=2 -Wformat -Werror=format-security   -fPIE -MD -MT CMakeFiles/cmTC_841d9.dir/CheckIncludeFile.c.o -MF CMakeFiles/cmTC_841d9.dir/CheckIncludeFile.c.o.d -o CMakeFiles/cmTC_841d9.dir/CheckIncludeFile.c.o -c /home/ilyushka/AndroidStudioProjects/libs/mbedtls/build/x86/CMakeFiles/CMakeTmp/CheckIncludeFile.c
Linking C executable cmTC_841d9
/home/ilyushka/Android/Sdk/cmake/3.22.1/bin/cmake -E cmake_link_script CMakeFiles/cmTC_841d9.dir/link.txt --verbose=1
/home/ilyushka/Android/Sdk/ndk/26.2.11394342/toolchains/llvm/prebuilt/linux-x86_64/bin/clang --target=i686-none-linux-android21 --sysroot=/home/ilyushka/Android/Sdk/ndk/26.2.11394342/toolchains/llvm/prebuilt/linux-x86_64/sysroot -g -DANDROID -fdata-sections -ffunction-sections -funwind-tables -fstack-protector-strong -no-canonical-prefixes -mstackrealign -D_FORTIFY_SOURCE=2 -Wformat -Werror=format-security   -static-libstdc++ -Wl,--build-id=sha1 -Wl,--no-rosegment -Wl,--no-undefined-version -Wl,--fatal-warnings -Wl,--no-undefined -Qunused-arguments    CMakeFiles/cmTC_841d9.dir/CheckIncludeFile.c.o -o cmTC_841d9  -latomic -lm 
gmake[1]: выход из каталога «/home/ilyushka/AndroidStudioProjects/libs/mbedtls/build/x86/CMakeFiles/CMakeTmp»



